This is pdfTeX, Version 3.141592653-2.6-1.40.29 (TeX Live 2026) (preloaded format=pdflatex 2026.5.14)  25 MAY 2026 00:24
entering extended mode
 restricted \write18 enabled.
 %&-line parsing enabled.
**rt_mrcpnet_en.tex
(./rt_mrcpnet_en.tex
LaTeX2e <2025-11-01>
L3 programming layer <2026-01-19>
(./llncs.cls
Document Class: llncs 2018/03/10 v2.20 
 LaTeX document class for Lecture Notes in Computer Science
(d:/Program/texlive/2026/texmf-dist/tex/latex/base/article.cls
Document Class: article 2025/01/22 v1.4n Standard LaTeX document class
(d:/Program/texlive/2026/texmf-dist/tex/latex/base/size10.clo
File: size10.clo 2025/01/22 v1.4n Standard LaTeX file (size option)
)
\c@part=\count275
\c@section=\count276
\c@subsection=\count277
\c@subsubsection=\count278
\c@paragraph=\count279
\c@subparagraph=\count280
\c@figure=\count281
\c@table=\count282
\abovecaptionskip=\skip49
\belowcaptionskip=\skip50
\bibindent=\dimen148
)
(d:/Program/texlive/2026/texmf-dist/tex/latex/tools/multicol.sty
Package: multicol 2025/10/21 v2.0b multicolumn formatting (FMi)
\c@tracingmulticols=\count283
\mult@box=\box53
\multicol@leftmargin=\dimen149
\c@unbalance=\count284
\c@collectmore=\count285
\doublecol@number=\count286
\multicoltolerance=\count287
\multicolpretolerance=\count288
\full@width=\dimen150
\page@free=\dimen151
\premulticols=\dimen152
\postmulticols=\dimen153
\multicolsep=\skip51
\multicolbaselineskip=\skip52
\partial@page=\box54
\last@line=\box55
\mc@boxedresult=\box56
\maxbalancingoverflow=\dimen154
\mult@rightbox=\box57
\mult@grightbox=\box58
\mult@firstbox=\box59
\mult@gfirstbox=\box60
\@tempa=\box61
\@tempa=\box62
\@tempa=\box63
\@tempa=\box64
\@tempa=\box65
\@tempa=\box66
\@tempa=\box67
\@tempa=\box68
\@tempa=\box69
\@tempa=\box70
\@tempa=\box71
\@tempa=\box72
\@tempa=\box73
\@tempa=\box74
\@tempa=\box75
\@tempa=\box76
\@tempa=\box77
\@tempa=\box78
\@tempa=\box79
\@tempa=\box80
\@tempa=\box81
\@tempa=\box82
\@tempa=\box83
\@tempa=\box84
\@tempa=\box85
\@tempa=\box86
\@tempa=\box87
\@tempa=\box88
\@tempa=\box89
\@tempa=\box90
\@tempa=\box91
\@tempa=\box92
\@tempa=\box93
\@tempa=\box94
\@tempa=\box95
\@tempa=\box96
\c@minrows=\count289
\c@columnbadness=\count290
\c@finalcolumnbadness=\count291
\last@try=\dimen155
\multicolovershoot=\dimen156
\multicolundershoot=\dimen157
\mult@nat@firstbox=\box97
\colbreak@box=\box98
\mc@col@check@num=\count292
\g__mc_curr_col_int=\count293
)
(d:/Program/texlive/2026/texmf-dist/tex/latex/oberdiek/aliascnt.sty
Package: aliascnt 2018/09/07 v1.5 Alias counters (HO)
)
\c@chapter=\count294
LaTeX Font Info:    Redeclaring math symbol \Gamma on input line 362.
LaTeX Font Info:    Redeclaring math symbol \Delta on input line 363.
LaTeX Font Info:    Redeclaring math symbol \Theta on input line 364.
LaTeX Font Info:    Redeclaring math symbol \Lambda on input line 365.
LaTeX Font Info:    Redeclaring math symbol \Xi on input line 366.
LaTeX Font Info:    Redeclaring math symbol \Pi on input line 367.
LaTeX Font Info:    Redeclaring math symbol \Sigma on input line 368.
LaTeX Font Info:    Redeclaring math symbol \Upsilon on input line 369.
LaTeX Font Info:    Redeclaring math symbol \Phi on input line 370.
LaTeX Font Info:    Redeclaring math symbol \Psi on input line 371.
LaTeX Font Info:    Redeclaring math symbol \Omega on input line 372.
\tocchpnum=\dimen158
\tocsecnum=\dimen159
\tocsectotal=\dimen160
\tocsubsecnum=\dimen161
\tocsubsectotal=\dimen162
\tocsubsubsecnum=\dimen163
\tocsubsubsectotal=\dimen164
\tocparanum=\dimen165
\tocparatotal=\dimen166
\tocsubparanum=\dimen167
\@tempcntc=\count295
\fnindent=\dimen168
\c@@inst=\count296
\c@@auth=\count297
\c@auco=\count298
\instindent=\dimen169
\authrun=\box99
\authorrunning=\toks17
\tocauthor=\toks18
\titrun=\box100
\titlerunning=\toks19
\toctitle=\toks20
\c@theorem=\count299
\c@case=\count300
\c@conjecture=\count301
\c@corollary=\count302
\c@definition=\count303
\c@example=\count304
\c@exercise=\count305
\c@lemma=\count306
\c@note=\count307
\c@problem=\count308
\c@property=\count309
\c@proposition=\count310
\c@question=\count311
\c@solution=\count312
\c@remark=\count313
\headlineindent=\dimen170
)
(d:/Program/texlive/2026/texmf-dist/tex/latex/graphics/graphicx.sty
Package: graphicx 2024/12/31 v1.2e Enhanced LaTeX Graphics (DPC,SPQR)

(d:/Program/texlive/2026/texmf-dist/tex/latex/graphics/keyval.sty
Package: keyval 2022/05/29 v1.15 key=value parser (DPC)
\KV@toks@=\toks21
)
(d:/Program/texlive/2026/texmf-dist/tex/latex/graphics/graphics.sty
Package: graphics 2024/08/06 v1.4g Standard LaTeX Graphics (DPC,SPQR)

(d:/Program/texlive/2026/texmf-dist/tex/latex/graphics/trig.sty
Package: trig 2023/12/02 v1.11 sin cos tan (DPC)
)
(d:/Program/texlive/2026/texmf-dist/tex/latex/graphics-cfg/graphics.cfg
File: graphics.cfg 2016/06/04 v1.11 sample graphics configuration
)
Package graphics Info: Driver file: pdftex.def on input line 106.

(d:/Program/texlive/2026/texmf-dist/tex/latex/graphics-def/pdftex.def
File: pdftex.def 2025/09/29 v1.2d Graphics/color driver for pdftex
))
\Gin@req@height=\dimen171
\Gin@req@width=\dimen172
)
(d:/Program/texlive/2026/texmf-dist/tex/latex/amsmath/amsmath.sty
Package: amsmath 2025/07/09 v2.17z AMS math features
\@mathmargin=\skip53

For additional information on amsmath, use the `?' option.
(d:/Program/texlive/2026/texmf-dist/tex/latex/amsmath/amstext.sty
Package: amstext 2024/11/17 v2.01 AMS text

(d:/Program/texlive/2026/texmf-dist/tex/latex/amsmath/amsgen.sty
File: amsgen.sty 1999/11/30 v2.0 generic functions
\@emptytoks=\toks22
\ex@=\dimen173
))
(d:/Program/texlive/2026/texmf-dist/tex/latex/amsmath/amsbsy.sty
Package: amsbsy 1999/11/29 v1.2d Bold Symbols
\pmbraise@=\dimen174
)
(d:/Program/texlive/2026/texmf-dist/tex/latex/amsmath/amsopn.sty
Package: amsopn 2022/04/08 v2.04 operator names
)
\inf@bad=\count314
LaTeX Info: Redefining \frac on input line 233.
\uproot@=\count315
\leftroot@=\count316
LaTeX Info: Redefining \overline on input line 398.
LaTeX Info: Redefining \colon on input line 409.
\classnum@=\count317
\DOTSCASE@=\count318
LaTeX Info: Redefining \ldots on input line 495.
LaTeX Info: Redefining \dots on input line 498.
LaTeX Info: Redefining \cdots on input line 619.
\Mathstrutbox@=\box101
\strutbox@=\box102
LaTeX Info: Redefining \big on input line 721.
LaTeX Info: Redefining \Big on input line 722.
LaTeX Info: Redefining \bigg on input line 723.
LaTeX Info: Redefining \Bigg on input line 724.
\big@size=\dimen175
LaTeX Font Info:    Redeclaring font encoding OML on input line 742.
LaTeX Font Info:    Redeclaring font encoding OMS on input line 743.
\macc@depth=\count319
LaTeX Info: Redefining \bmod on input line 904.
LaTeX Info: Redefining \pmod on input line 909.
LaTeX Info: Redefining \smash on input line 939.
LaTeX Info: Redefining \relbar on input line 969.
LaTeX Info: Redefining \Relbar on input line 970.
\c@MaxMatrixCols=\count320
\dotsspace@=\muskip17
\c@parentequation=\count321
\dspbrk@lvl=\count322
\tag@help=\toks23
\row@=\count323
\column@=\count324
\maxfields@=\count325
\andhelp@=\toks24
\eqnshift@=\dimen176
\alignsep@=\dimen177
\tagshift@=\dimen178
\tagwidth@=\dimen179
\totwidth@=\dimen180
\lineht@=\dimen181
\@envbody=\toks25
\multlinegap=\skip54
\multlinetaggap=\skip55
\mathdisplay@stack=\toks26
LaTeX Info: Redefining \[ on input line 2950.
LaTeX Info: Redefining \] on input line 2951.
)
(d:/Program/texlive/2026/texmf-dist/tex/latex/amsfonts/amssymb.sty
Package: amssymb 2013/01/14 v3.01 AMS font symbols

(d:/Program/texlive/2026/texmf-dist/tex/latex/amsfonts/amsfonts.sty
Package: amsfonts 2013/01/14 v3.01 Basic AMSFonts support
\symAMSa=\mathgroup4
\symAMSb=\mathgroup5
LaTeX Font Info:    Redeclaring math symbol \hbar on input line 98.
LaTeX Font Info:    Overwriting math alphabet `\mathfrak' in version `bold'
(Font)                  U/euf/m/n --> U/euf/b/n on input line 106.
))
(d:/Program/texlive/2026/texmf-dist/tex/latex/booktabs/booktabs.sty
Package: booktabs 2020/01/12 v1.61803398 Publication quality tables
\heavyrulewidth=\dimen182
\lightrulewidth=\dimen183
\cmidrulewidth=\dimen184
\belowrulesep=\dimen185
\belowbottomsep=\dimen186
\aboverulesep=\dimen187
\abovetopsep=\dimen188
\cmidrulesep=\dimen189
\cmidrulekern=\dimen190
\defaultaddspace=\dimen191
\@cmidla=\count326
\@cmidlb=\count327
\@aboverulesep=\dimen192
\@belowrulesep=\dimen193
\@thisruleclass=\count328
\@lastruleclass=\count329
\@thisrulewidth=\dimen194
)
(d:/Program/texlive/2026/texmf-dist/tex/latex/tools/array.sty
Package: array 2025/09/25 v2.6n Tabular extension package (FMi)
\col@sep=\dimen195
\ar@mcellbox=\box103
\extrarowheight=\dimen196
\NC@list=\toks27
\extratabsurround=\skip56
\backup@length=\skip57
\ar@cellbox=\box104
)
(d:/Program/texlive/2026/texmf-dist/tex/latex/url/url.sty
\Urlmuskip=\muskip18
Package: url 2013/09/16  ver 3.4  Verb mode for urls, etc.
)
(d:/Program/texlive/2026/texmf-dist/tex/latex/l3backend/l3backend-pdftex.def
File: l3backend-pdftex.def 2025-10-09 L3 backend support: PDF output (pdfTeX)
\l__color_backend_stack_int=\count330
)
(./rt_mrcpnet_en.aux)
\openout1 = `rt_mrcpnet_en.aux'.

LaTeX Font Info:    Checking defaults for OML/cmm/m/it on input line 18.
LaTeX Font Info:    ... okay on input line 18.
LaTeX Font Info:    Checking defaults for OMS/cmsy/m/n on input line 18.
LaTeX Font Info:    ... okay on input line 18.
LaTeX Font Info:    Checking defaults for OT1/cmr/m/n on input line 18.
LaTeX Font Info:    ... okay on input line 18.
LaTeX Font Info:    Checking defaults for T1/cmr/m/n on input line 18.
LaTeX Font Info:    ... okay on input line 18.
LaTeX Font Info:    Checking defaults for TS1/cmr/m/n on input line 18.
LaTeX Font Info:    ... okay on input line 18.
LaTeX Font Info:    Checking defaults for OMX/cmex/m/n on input line 18.
LaTeX Font Info:    ... okay on input line 18.
LaTeX Font Info:    Checking defaults for U/cmr/m/n on input line 18.
LaTeX Font Info:    ... okay on input line 18.

(d:/Program/texlive/2026/texmf-dist/tex/context/base/mkii/supp-pdf.mkii
[Loading MPS to PDF converter (version 2006.09.02).]
\scratchcounter=\count331
\scratchdimen=\dimen197
\scratchbox=\box105
\nofMPsegments=\count332
\nofMParguments=\count333
\everyMPshowfont=\toks28
\MPscratchCnt=\count334
\MPscratchDim=\dimen198
\MPnumerator=\count335
\makeMPintoPDFobject=\count336
\everyMPtoPDFconversion=\toks29
) (d:/Program/texlive/2026/texmf-dist/tex/latex/epstopdf-pkg/epstopdf-base.sty
Package: epstopdf-base 2020-01-24 v2.11 Base part for package epstopdf
Package epstopdf-base Info: Redefining graphics rule for `.eps' on input line 4
85.

(d:/Program/texlive/2026/texmf-dist/tex/latex/latexconfig/epstopdf-sys.cfg
File: epstopdf-sys.cfg 2010/07/13 v1.3 Configuration of (r)epstopdf for TeX Liv
e
))
LaTeX Font Info:    Trying to load font information for U+msa on input line 27.


(d:/Program/texlive/2026/texmf-dist/tex/latex/amsfonts/umsa.fd
File: umsa.fd 2013/01/14 v3.01 AMS symbols A
)
LaTeX Font Info:    Trying to load font information for U+msb on input line 27.


(d:/Program/texlive/2026/texmf-dist/tex/latex/amsfonts/umsb.fd
File: umsb.fd 2013/01/14 v3.01 AMS symbols B
) [1

{d:/Program/texlive/2026/texmf-var/fonts/map/pdftex/updmap/pdftex.map}{d:/Progr
am/texlive/2026/texmf-dist/fonts/enc/dvips/cm-super/cm-super-ts1.enc}]
Underfull \vbox (badness 1997) has occurred while \output is active []

 [2]
[3]
Package epstopdf Info: Source file: <f1.eps>
(epstopdf)                    date: 2026-05-23 00:44:33
(epstopdf)                    size: 10294558 bytes
(epstopdf)             Output file: <f1-eps-converted-to.pdf>
(epstopdf)                    date: 2026-05-23 00:46:37
(epstopdf)                    size: 949432 bytes
(epstopdf)             Command: <repstopdf --outfile=f1-eps-converted-to.pdf f1
.eps>
(epstopdf)             \includegraphics on input line 96.
Package epstopdf Info: Output file is already uptodate.
<f1-eps-converted-to.pdf, id=20, 3507.1025pt x 976.64874pt>
File: f1-eps-converted-to.pdf Graphic file (type pdf)
<use f1-eps-converted-to.pdf>
Package pdftex.def Info: f1-eps-converted-to.pdf  used on input line 96.
(pdftex.def)             Requested size: 340.17958pt x 94.71991pt.
 [4]
Package epstopdf Info: Source file: <f2.eps>
(epstopdf)                    date: 2026-05-24 19:45:51
(epstopdf)                    size: 725120 bytes
(epstopdf)             Output file: <f2-eps-converted-to.pdf>
(epstopdf)                    date: 2026-05-24 19:46:23
(epstopdf)                    size: 151352 bytes
(epstopdf)             Command: <repstopdf --outfile=f2-eps-converted-to.pdf f2
.eps>
(epstopdf)             \includegraphics on input line 126.
Package epstopdf Info: Output file is already uptodate.
<f2-eps-converted-to.pdf, id=28, 890.32625pt x 540.0175pt>
File: f2-eps-converted-to.pdf Graphic file (type pdf)
<use f2-eps-converted-to.pdf>
Package pdftex.def Info: f2-eps-converted-to.pdf  used on input line 126.
(pdftex.def)             Requested size: 340.17958pt x 206.32942pt.
 [5 <./f1-eps-converted-to.pdf>] [6 <./f2-eps-converted-to.pdf>]
[7] [8] [9]
Underfull \hbox (badness 10000) in paragraph at lines 252--252
[]|\OT1/cmr/m/n/9 Left-cheek-only tem-po-ral
 []


Underfull \hbox (badness 7504) in paragraph at lines 253--253
[]|\OT1/cmr/m/n/9 Right-cheek-only tem-po-ral
 []


Underfull \hbox (badness 1365) in paragraph at lines 257--257
[]|\OT1/cmr/m/n/9 rPPG fea-tures + sup-port
 []


Underfull \hbox (badness 1484) in paragraph at lines 258--258
[]|\OT1/cmr/m/n/9 rPPG fea-tures + ran-dom
 []


Underfull \hbox (badness 10000) in paragraph at lines 261--261
[]|\OT1/cmr/m/n/9 PhysNet/EfficientPhys +
 []

Package epstopdf Info: Source file: <f3.eps>
(epstopdf)                    date: 2026-05-25 00:24:06
(epstopdf)                    size: 320193 bytes
(epstopdf)             Output file: <f3-eps-converted-to.pdf>
(epstopdf)                    date: 2026-05-25 00:23:19
(epstopdf)                    size: 38526 bytes
(epstopdf)             Command: <repstopdf --outfile=f3-eps-converted-to.pdf f3
.eps>
(epstopdf)             \includegraphics on input line 273.
runsystem(repstopdf --outfile=f3-eps-converted-to.pdf f3.eps)...executed safely
 (allowed).

Package epstopdf Info: Result file: <f3-eps-converted-to.pdf>
(epstopdf)                    date: 2026-05-25 00:24:18
(epstopdf)                    size: 38526 bytes.
<f3-eps-converted-to.pdf, id=106, 530.76295pt x 225.79356pt>
File: f3-eps-converted-to.pdf Graphic file (type pdf)
<use f3-eps-converted-to.pdf>
Package pdftex.def Info: f3-eps-converted-to.pdf  used on input line 273.
(pdftex.def)             Requested size: 232.3378pt x 98.83955pt.
[10]
Package epstopdf Info: Source file: <f4.eps>
(epstopdf)                    date: 2026-05-25 00:24:06
(epstopdf)                    size: 73238 bytes
(epstopdf)             Output file: <f4-eps-converted-to.pdf>
(epstopdf)                    date: 2026-05-25 00:23:20
(epstopdf)                    size: 31324 bytes
(epstopdf)             Command: <repstopdf --outfile=f4-eps-converted-to.pdf f4
.eps>
(epstopdf)             \includegraphics on input line 308.
runsystem(repstopdf --outfile=f4-eps-converted-to.pdf f4.eps)...executed safely
 (allowed).

Package epstopdf Info: Result file: <f4-eps-converted-to.pdf>
(epstopdf)                    date: 2026-05-25 00:24:19
(epstopdf)                    size: 30540 bytes.
<f4-eps-converted-to.pdf, id=110, 519.05919pt x 217.90408pt>
File: f4-eps-converted-to.pdf Graphic file (type pdf)
<use f4-eps-converted-to.pdf>
Package pdftex.def Info: f4-eps-converted-to.pdf  used on input line 308.
(pdftex.def)             Requested size: 235.44363pt x 98.8406pt.
 [11 <./f3-eps-converted-to.pdf>]
Underfull \hbox (badness 1242) in paragraph at lines 318--318
[]\OT1/cmr/bx/n/9 Table 4. \OT1/cmr/m/n/9 Model com-plex-ity com-par-i-son. RGB
 de-notes red-green-blue, 3D de-
 []

[12 <./f4-eps-converted-to.pdf>] (./rt_mrcpnet_en.bbl
Underfull \hbox (badness 2922) in paragraph at lines 41--44
\OT1/cmr/m/n/9 IEEE Trans-ac-tions on Biomed-i-cal En-gi-neer-ing \OT1/cmr/bx/n
/9 60\OT1/cmr/m/n/9 (10), 2878--2886 (2013).
 []

[13]
Underfull \hbox (badness 1087) in paragraph at lines 84--88
[]\OT1/cmr/m/n/9 Meziati Sabour, R., Benezeth, Y., De Oliveira, P., Chappe, J.,
 Yang, F.:
 []


Underfull \hbox (badness 1320) in paragraph at lines 84--88
\OT1/cmr/m/n/9 UBFC-Phys: A mul-ti-modal database for psy-chophys-i-o-log-i-cal
 stud-ies of so-
 []


Underfull \hbox (badness 2980) in paragraph at lines 90--94
[]\OT1/cmr/m/n/9 Nikolaiev, S., Te-lenyk, S., Ty-moshenko, Y.: Non-contact vide
o-based re-
 []


Underfull \hbox (badness 3417) in paragraph at lines 90--94
\OT1/cmr/m/n/9 mote pho-to-plethys-mog-ra-phy for hu-man stress de-tec-tion. Jo
ur-nal of Au-
 []


Underfull \hbox (badness 3098) in paragraph at lines 90--94
\OT1/cmr/m/n/9 toma-tion, Mo-bile Robotics and In-tel-li-gent Sys-tems \OT1/cmr
/bx/n/9 14\OT1/cmr/m/n/9 (2), 63--73 (2020).
 []


Underfull \hbox (badness 7504) in paragraph at lines 107--111
[]\OT1/cmr/m/n/9 Xiong, J., Ou, W., Liu, Z., Gou, J., Xiao, W., Liu, H.: Graph-

 []


Underfull \hbox (badness 10000) in paragraph at lines 107--111
\OT1/cmr/m/n/9 phys: Fa-cial video-based phys-i-o-log-i-cal mea-sure-ment with 
graph neu-
 []


Underfull \hbox (badness 3439) in paragraph at lines 107--111
\OT1/cmr/m/n/9 ral net-work. Com-put-ers and Elec-tri-cal En-gi-neer-ing \OT1/c
mr/bx/n/9 113\OT1/cmr/m/n/9 , 109022 (2024).
 []


Underfull \hbox (badness 6364) in paragraph at lines 113--117
[]\OT1/cmr/m/n/9 Xu, J., Song, C., Yue, Z., Ding, S.: Fa-cial video-based non-c
ontact
 []


Underfull \hbox (badness 2027) in paragraph at lines 113--117
\OT1/cmr/m/n/9 stress recog-ni-tion uti-liz-ing multi-task learn-ing with peak 
at-ten-tion. IEEE
 []


Underfull \hbox (badness 3536) in paragraph at lines 113--117
\OT1/cmr/m/n/9 Jour-nal of Biomed-i-cal and Health In-for-mat-ics \OT1/cmr/bx/n
/9 28\OT1/cmr/m/n/9 (9), 5335--5346 (2024).
 []

) [14] (./rt_mrcpnet_en.aux)
 ***********
LaTeX2e <2025-11-01>
L3 programming layer <2026-01-19>
 ***********
 ) 
Here is how much of TeX's memory you used:
 3351 strings out of 469462
 48409 string characters out of 5467868
 464228 words of memory out of 5000000
 31987 multiletter control sequences out of 15000+600000
 635616 words of font info for 70 fonts, out of 8000000 for 9000
 36 hyphenation exceptions out of 8191
 57i,10n,65p,1385b,357s stack positions out of 10000i,1000n,20000p,200000b,200000s
<d:/Program/texlive/2026/texmf-dist/fonts/type1/public/amsfonts/cm/cmbx10.pfb
><d:/Program/texlive/2026/texmf-dist/fonts/type1/public/amsfonts/cm/cmbx12.pfb>
<d:/Program/texlive/2026/texmf-dist/fonts/type1/public/amsfonts/cm/cmbx9.pfb><d
:/Program/texlive/2026/texmf-dist/fonts/type1/public/amsfonts/cm/cmex10.pfb><d:
/Program/texlive/2026/texmf-dist/fonts/type1/public/amsfonts/cm/cmmi10.pfb><d:/
Program/texlive/2026/texmf-dist/fonts/type1/public/amsfonts/cm/cmmi5.pfb><d:/Pr
ogram/texlive/2026/texmf-dist/fonts/type1/public/amsfonts/cm/cmmi7.pfb><d:/Prog
ram/texlive/2026/texmf-dist/fonts/type1/public/amsfonts/cm/cmmi9.pfb><d:/Progra
m/texlive/2026/texmf-dist/fonts/type1/public/amsfonts/cm/cmr10.pfb><d:/Program/
texlive/2026/texmf-dist/fonts/type1/public/amsfonts/cm/cmr7.pfb><d:/Program/tex
live/2026/texmf-dist/fonts/type1/public/amsfonts/cm/cmr9.pfb><d:/Program/texliv
e/2026/texmf-dist/fonts/type1/public/amsfonts/cm/cmsy10.pfb><d:/Program/texlive
/2026/texmf-dist/fonts/type1/public/amsfonts/cm/cmsy7.pfb><d:/Program/texlive/2
026/texmf-dist/fonts/type1/public/amsfonts/symbols/msbm10.pfb><d:/Program/texli
ve/2026/texmf-dist/fonts/type1/public/cm-super/sfrm0900.pfb>
Output written on rt_mrcpnet_en.pdf (14 pages, 1378561 bytes).
PDF statistics:
 382 PDF objects out of 1000 (max. 8388607)
 129 compressed objects within 2 object streams
 0 named destinations out of 1000 (max. 500000)
 21 words of extra memory for PDF output out of 10000 (max. 10000000)

